<?xml version="1.0" encoding="UTF-8"?>
<!-- Generated by org.testng.reporters.JUnitXMLReporter -->
<testsuite hostname="jitender4568" ignored="0" name="Default test" tests="2" failures="0" timestamp="02 Jun 2019 18:50:12 GMT" time="18.868" errors="0">
  <testcase name="verifyBusHirePageTitle" time="2.09" classname="com.NagpSelenium.framework.testcases.BusHireTest"/>
  <testcase name="testSearchFunctionalityForBusHire" time="6.887" classname="com.NagpSelenium.framework.testcases.BusHireTest"/>
</testsuite> <!-- Default test -->
