<?xml version="1.0" encoding="UTF-8"?>
<!-- Generated by org.testng.reporters.JUnitXMLReporter -->
<testsuite hostname="jitender4568" ignored="0" name="HomeTest" tests="2" failures="0" timestamp="31 May 2019 08:06:30 GMT" time="15.673" errors="0">
  <testcase name="verifyHomePageTitle" time="0.021" classname="com.NagpSelenium.framework.testcases.HomePageTest"/>
  <testcase name="signInFunctionality" time="5.449" classname="com.NagpSelenium.framework.testcases.HomePageTest"/>
</testsuite> <!-- HomeTest -->
