<?xml version="1.0" encoding="UTF-8"?>
<testng-results skipped="0" failed="0" ignored="0" total="1" passed="1">
  <reporter-output>
  </reporter-output>
  <suite name="Nagp Selenium Automation Suite" duration-ms="13800" started-at="2020-03-17T16:16:55Z" finished-at="2020-03-17T16:17:09Z">
    <groups>
    </groups>
    <test name="HomeTest" duration-ms="13800" started-at="2020-03-17T16:16:55Z" finished-at="2020-03-17T16:17:09Z">
      <class name="com.NagpSelenium.framework.testcases.HomePageTest">
        <test-method status="PASS" signature="startReport()[pri:0, instance:com.NagpSelenium.framework.testcases.HomePageTest@4909b8da]" name="startReport" is-config="true" duration-ms="127" started-at="2020-03-17T16:16:55Z" finished-at="2020-03-17T16:16:55Z">
          <reporter-output>
          </reporter-output>
        </test-method> <!-- startReport -->
        <test-method status="PASS" signature="setUp()[pri:0, instance:com.NagpSelenium.framework.testcases.HomePageTest@4909b8da]" name="setUp" is-config="true" duration-ms="12642" started-at="2020-03-17T16:16:55Z" finished-at="2020-03-17T16:17:07Z">
          <reporter-output>
          </reporter-output>
        </test-method> <!-- setUp -->
        <test-method status="PASS" signature="beforeMethod(java.lang.reflect.Method)[pri:0, instance:com.NagpSelenium.framework.testcases.HomePageTest@4909b8da]" name="beforeMethod" is-config="true" duration-ms="6" started-at="2020-03-17T16:17:07Z" finished-at="2020-03-17T16:17:07Z">
          <params>
            <param index="0">
              <value>
                <![CDATA[public void com.NagpSelenium.framework.testcases.HomePageTest.verifyHomePageTitle()]]>
              </value>
            </param>
          </params>
          <reporter-output>
          </reporter-output>
        </test-method> <!-- beforeMethod -->
        <test-method status="PASS" signature="verifyHomePageTitle()[pri:0, instance:com.NagpSelenium.framework.testcases.HomePageTest@4909b8da]" name="verifyHomePageTitle" duration-ms="18" started-at="2020-03-17T16:17:07Z" finished-at="2020-03-17T16:17:07Z">
          <reporter-output>
          </reporter-output>
        </test-method> <!-- verifyHomePageTitle -->
        <test-method status="PASS" signature="getResult(org.testng.ITestResult)[pri:0, instance:com.NagpSelenium.framework.testcases.HomePageTest@4909b8da]" name="getResult" is-config="true" duration-ms="3" started-at="2020-03-17T16:17:07Z" finished-at="2020-03-17T16:17:07Z">
          <params>
            <param index="0">
              <value>
                <![CDATA[[TestResult name=verifyHomePageTitle status=SUCCESS method=HomePageTest.verifyHomePageTitle()[pri:0, instance:com.NagpSelenium.framework.testcases.HomePageTest@4909b8da] output={null}]]]>
              </value>
            </param>
          </params>
          <reporter-output>
          </reporter-output>
        </test-method> <!-- getResult -->
        <test-method status="PASS" signature="tearDown()[pri:0, instance:com.NagpSelenium.framework.testcases.HomePageTest@4909b8da]" name="tearDown" is-config="true" duration-ms="1111" started-at="2020-03-17T16:17:07Z" finished-at="2020-03-17T16:17:09Z">
          <reporter-output>
          </reporter-output>
        </test-method> <!-- tearDown -->
        <test-method status="PASS" signature="afterSuite()[pri:0, instance:com.NagpSelenium.framework.testcases.HomePageTest@4909b8da]" name="afterSuite" is-config="true" duration-ms="334" started-at="2020-03-17T16:17:09Z" finished-at="2020-03-17T16:17:09Z">
          <reporter-output>
          </reporter-output>
        </test-method> <!-- afterSuite -->
      </class> <!-- com.NagpSelenium.framework.testcases.HomePageTest -->
    </test> <!-- HomeTest -->
  </suite> <!-- Nagp Selenium Automation Suite -->
</testng-results>
