<?xml version="1.0" encoding="UTF-8"?>
<!-- Generated by org.testng.reporters.JUnitXMLReporter -->
<testsuite hostname="jitender4568" ignored="0" name="TestNG Test Group" tests="2" failures="0" timestamp="30 May 2019 09:23:42 GMT" time="12.041" errors="0">
  <testcase name="verifyHomePageTitle" time="0.021" classname="com.NagpSelenium.framework.testcases.HomePageTest"/>
  <testcase name="signInFunctionality" time="3.335" classname="com.NagpSelenium.framework.testcases.HomePageTest"/>
</testsuite> <!-- TestNG Test Group -->
